<?xml version="1.0" encoding="UTF-8"?>
<testng-results ignored="0" total="2" passed="2" failed="0" skipped="0">
  <reporter-output>
  </reporter-output>
  <suite started-at="2024-02-29T12:09:59 IST" name="Default suite" finished-at="2024-02-29T12:10:42 IST" duration-ms="42787">
    <groups>
    </groups>
    <test started-at="2024-02-29T12:09:59 IST" name="Default test" finished-at="2024-02-29T12:10:42 IST" duration-ms="42787">
      <class name="com.example.AdminRegistrationAndLogin">
        <test-method is-config="true" signature="intiate()[pri:0, instance:com.example.AdminRegistrationAndLogin@e15b7e8]" started-at="2024-02-29T12:09:59 IST" name="intiate" finished-at="2024-02-29T12:10:05 IST" duration-ms="6263" status="PASS">
          <reporter-output>
          </reporter-output>
        </test-method> <!-- intiate -->
        <test-method signature="test1()[pri:0, instance:com.example.AdminRegistrationAndLogin@e15b7e8]" started-at="2024-02-29T12:10:05 IST" name="test1" finished-at="2024-02-29T12:10:25 IST" duration-ms="19871" status="PASS">
          <reporter-output>
          </reporter-output>
        </test-method> <!-- test1 -->
        <test-method signature="test2()[pri:0, instance:com.example.AdminRegistrationAndLogin@e15b7e8]" started-at="2024-02-29T12:10:25 IST" name="test2" finished-at="2024-02-29T12:10:41 IST" duration-ms="15972" status="PASS">
          <reporter-output>
          </reporter-output>
        </test-method> <!-- test2 -->
        <test-method is-config="true" signature="derefer()[pri:0, instance:com.example.AdminRegistrationAndLogin@e15b7e8]" started-at="2024-02-29T12:10:41 IST" name="derefer" finished-at="2024-02-29T12:10:42 IST" duration-ms="522" status="PASS">
          <reporter-output>
          </reporter-output>
        </test-method> <!-- derefer -->
      </class> <!-- com.example.AdminRegistrationAndLogin -->
    </test> <!-- Default test -->
  </suite> <!-- Default suite -->
</testng-results>
